{
  "RSpec": {
    "coverage": {
      "/Users/student/Documents/week-4/bookmarks/spec/setup_test_database.rb": {
        "lines": [
          1,
          1,
          8,
          null,
          8,
          null,
          null,
          8,
          null
        ]
      },
      "/Users/student/Documents/week-4/bookmarks/app.rb": {
        "lines": [
          1,
          1,
          1,
          1,
          1,
          1,
          1,
          null,
          null,
          1,
          6,
          6,
          null,
          null,
          1,
          0,
          0,
          null,
          null,
          null,
          1,
          1,
          null,
          null,
          1,
          1,
          1,
          null,
          null,
          1,
          1,
          1,
          null,
          1,
          null,
          null,
          null,
          1,
          1,
          1,
          null,
          null,
          1,
          1,
          1,
          null,
          null,
          1,
          null
        ]
      },
      "/Users/student/Documents/week-4/bookmarks/lib/bookmark.rb": {
        "lines": [
          1,
          1,
          null,
          null,
          1,
          null,
          1,
          21,
          21,
          21,
          null,
          null,
          1,
          8,
          8,
          null,
          0,
          null,
          8,
          8,
          10,
          null,
          null,
          null,
          1,
          11,
          11,
          null,
          0,
          null,
          11,
          11,
          null,
          null,
          1,
          2,
          2,
          null,
          0,
          null,
          2,
          null,
          null,
          null,
          null,
          null
        ]
      },
      "/Users/student/Documents/week-4/bookmarks/spec/bookmark_spec.rb": {
        "lines": [
          1,
          null,
          1,
          1,
          1,
          null,
          null,
          1,
          1,
          1,
          null,
          1,
          null,
          1,
          1,
          1,
          1,
          1,
          null,
          null,
          null,
          null,
          1,
          1,
          1,
          1,
          null,
          1,
          1,
          1,
          1,
          null,
          null,
          null,
          null,
          1,
          1,
          1,
          null,
          1,
          null,
          1,
          null,
          null
        ]
      },
      "/Users/student/Documents/week-4/bookmarks/spec/database_helpers.rb": {
        "lines": [
          1,
          null,
          1,
          1,
          1,
          1,
          null
        ]
      },
      "/Users/student/Documents/week-4/bookmarks/spec/features/creating_bookmarks_spec.rb": {
        "lines": [
          1,
          1,
          1,
          1,
          1,
          1,
          null,
          1,
          null,
          null
        ]
      },
      "/Users/student/Documents/week-4/bookmarks/spec/features/deleting_a_bookmark_spec.rb": {
        "lines": [
          1,
          1,
          1,
          1,
          1,
          null,
          1,
          null,
          1,
          1,
          null,
          null
        ]
      },
      "/Users/student/Documents/week-4/bookmarks/spec/features/updating_a_bookmark_spec.rb": {
        "lines": [
          1,
          1,
          1,
          1,
          1,
          null,
          1,
          1,
          null,
          1,
          1,
          1,
          null,
          1,
          1,
          1,
          null,
          null
        ]
      },
      "/Users/student/Documents/week-4/bookmarks/spec/features/viewing_bookmarks_spec.rb": {
        "lines": [
          1,
          null,
          1,
          1,
          1,
          1,
          null,
          null,
          null,
          1,
          1,
          1,
          1,
          1,
          null,
          1,
          null,
          1,
          1,
          1,
          null,
          null
        ]
      }
    },
    "timestamp": 1583943505
  }
}
